  add.c
test.obj : error LNK2019: 无法解析的外部符号 Add，函数 main 中引用了该符号
D:\Code\Operator_20221125\x64\Debug\Operator_20221125.exe : fatal error LNK1120: 1 个无法解析的外部命令
